child_process: customFds option is deprecated, use stdio instead.
In file included from ../src/bufferutil.cc:15:
/var/www/sites/dynasite/htdocs/_msportal/_js/_node/node_modules/socket.io/node_modules/socket.io-client/node_modules/engine.io-client/node_modules/ws/node_modules/nan/nan.h: In function ‘void NanThrowError(const char*)’:
/var/www/sites/dynasite/htdocs/_msportal/_js/_node/node_modules/socket.io/node_modules/socket.io-client/node_modules/engine.io-client/node_modules/ws/node_modules/nan/nan.h:213: error: ‘ThrowException’ is not a member of ‘v8’
/var/www/sites/dynasite/htdocs/_msportal/_js/_node/node_modules/socket.io/node_modules/socket.io-client/node_modules/engine.io-client/node_modules/ws/node_modules/nan/nan.h:213: error: ‘New’ is not a member of ‘v8::String’
/var/www/sites/dynasite/htdocs/_msportal/_js/_node/node_modules/socket.io/node_modules/socket.io-client/node_modules/engine.io-client/node_modules/ws/node_modules/nan/nan.h: In function ‘void NanThrowError(v8::Handle<v8::Value>)’:
/var/www/sites/dynasite/htdocs/_msportal/_js/_node/node_modules/socket.io/node_modules/socket.io-client/node_modules/engine.io-client/node_modules/ws/node_modules/nan/nan.h:218: error: ‘ThrowException’ is not a member of ‘v8’
/var/www/sites/dynasite/htdocs/_msportal/_js/_node/node_modules/socket.io/node_modules/socket.io-client/node_modules/engine.io-client/node_modules/ws/node_modules/nan/nan.h: In function ‘void NanThrowError(const char*, int)’:
/var/www/sites/dynasite/htdocs/_msportal/_js/_node/node_modules/socket.io/node_modules/socket.io-client/node_modules/engine.io-client/node_modules/ws/node_modules/nan/nan.h:222: error: ‘New’ is not a member of ‘v8::String’
/var/www/sites/dynasite/htdocs/_msportal/_js/_node/node_modules/socket.io/node_modules/socket.io-client/node_modules/engine.io-client/node_modules/ws/node_modules/nan/nan.h:224: error: ‘New’ is not a member of ‘v8::String’
/var/www/sites/dynasite/htdocs/_msportal/_js/_node/node_modules/socket.io/node_modules/socket.io-client/node_modules/engine.io-client/node_modules/ws/node_modules/nan/nan.h:224: error: no matching function for call to ‘v8::Integer::New(const int&)’
/root/.node-gyp/0.11.14/deps/v8/include/v8.h:1989: note: candidates are: static v8::Local<v8::Integer> v8::Integer::New(v8::Isolate*, int32_t)
/var/www/sites/dynasite/htdocs/_msportal/_js/_node/node_modules/socket.io/node_modules/socket.io-client/node_modules/engine.io-client/node_modules/ws/node_modules/nan/nan.h: In function ‘void NanThrowTypeError(const char*)’:
/var/www/sites/dynasite/htdocs/_msportal/_js/_node/node_modules/socket.io/node_modules/socket.io-client/node_modules/engine.io-client/node_modules/ws/node_modules/nan/nan.h:229: error: ‘ThrowException’ is not a member of ‘v8’
/var/www/sites/dynasite/htdocs/_msportal/_js/_node/node_modules/socket.io/node_modules/socket.io-client/node_modules/engine.io-client/node_modules/ws/node_modules/nan/nan.h:229: error: ‘New’ is not a member of ‘v8::String’
/var/www/sites/dynasite/htdocs/_msportal/_js/_node/node_modules/socket.io/node_modules/socket.io-client/node_modules/engine.io-client/node_modules/ws/node_modules/nan/nan.h: In function ‘void NanThrowRangeError(const char*)’:
/var/www/sites/dynasite/htdocs/_msportal/_js/_node/node_modules/socket.io/node_modules/socket.io-client/node_modules/engine.io-client/node_modules/ws/node_modules/nan/nan.h:233: error: ‘ThrowException’ is not a member of ‘v8’
/var/www/sites/dynasite/htdocs/_msportal/_js/_node/node_modules/socket.io/node_modules/socket.io-client/node_modules/engine.io-client/node_modules/ws/node_modules/nan/nan.h:233: error: ‘New’ is not a member of ‘v8::String’
/var/www/sites/dynasite/htdocs/_msportal/_js/_node/node_modules/socket.io/node_modules/socket.io-client/node_modules/engine.io-client/node_modules/ws/node_modules/nan/nan.h: In constructor ‘NanCallback::NanCallback(const v8::Local<v8::Function>&)’:
/var/www/sites/dynasite/htdocs/_msportal/_js/_node/node_modules/socket.io/node_modules/socket.io-client/node_modules/engine.io-client/node_modules/ws/node_modules/nan/nan.h:450: error: no matching function for call to ‘v8::Object::New()’
/root/.node-gyp/0.11.14/deps/v8/include/v8.h:2372: note: candidates are: static v8::Local<v8::Object> v8::Object::New(v8::Isolate*)
/var/www/sites/dynasite/htdocs/_msportal/_js/_node/node_modules/socket.io/node_modules/socket.io-client/node_modules/engine.io-client/node_modules/ws/node_modules/nan/nan.h:451: error: ‘NewSymbol’ is not a member of ‘v8::String’
/var/www/sites/dynasite/htdocs/_msportal/_js/_node/node_modules/socket.io/node_modules/socket.io-client/node_modules/engine.io-client/node_modules/ws/node_modules/nan/nan.h: In destructor ‘NanCallback::~NanCallback()’:
/var/www/sites/dynasite/htdocs/_msportal/_js/_node/node_modules/socket.io/node_modules/socket.io-client/node_modules/engine.io-client/node_modules/ws/node_modules/nan/nan.h:457: error: ‘class v8::Persistent<v8::Object, v8::NonCopyablePersistentTraits<v8::Object> >’ has no member named ‘Dispose’
/var/www/sites/dynasite/htdocs/_msportal/_js/_node/node_modules/socket.io/node_modules/socket.io-client/node_modules/engine.io-client/node_modules/ws/node_modules/nan/nan.h:458: error: ‘class v8::Persistent<v8::Object, v8::NonCopyablePersistentTraits<v8::Object> >’ has no member named ‘Clear’
/var/www/sites/dynasite/htdocs/_msportal/_js/_node/node_modules/socket.io/node_modules/socket.io-client/node_modules/engine.io-client/node_modules/ws/node_modules/nan/nan.h: In member function ‘v8::Local<v8::Function> NanCallback::GetFunction()’:
/var/www/sites/dynasite/htdocs/_msportal/_js/_node/node_modules/socket.io/node_modules/socket.io-client/node_modules/engine.io-client/node_modules/ws/node_modules/nan/nan.h:462: error: ‘NewSymbol’ is not a member of ‘v8::String’
/var/www/sites/dynasite/htdocs/_msportal/_js/_node/node_modules/socket.io/node_modules/socket.io-client/node_modules/engine.io-client/node_modules/ws/node_modules/nan/nan.h:463: error: expected primary-expression before ‘>’ token
/var/www/sites/dynasite/htdocs/_msportal/_js/_node/node_modules/socket.io/node_modules/socket.io-client/node_modules/engine.io-client/node_modules/ws/node_modules/nan/nan.h:463: error: expected primary-expression before ‘)’ token
/var/www/sites/dynasite/htdocs/_msportal/_js/_node/node_modules/socket.io/node_modules/socket.io-client/node_modules/engine.io-client/node_modules/ws/node_modules/nan/nan.h: In member function ‘void NanCallback::Call(int, v8::Local<v8::Value>*)’:
/var/www/sites/dynasite/htdocs/_msportal/_js/_node/node_modules/socket.io/node_modules/socket.io-client/node_modules/engine.io-client/node_modules/ws/node_modules/nan/nan.h:475: error: ‘NewSymbol’ is not a member of ‘v8::String’
/var/www/sites/dynasite/htdocs/_msportal/_js/_node/node_modules/socket.io/node_modules/socket.io-client/node_modules/engine.io-client/node_modules/ws/node_modules/nan/nan.h:475: error: expected primary-expression before ‘>’ token
/var/www/sites/dynasite/htdocs/_msportal/_js/_node/node_modules/socket.io/node_modules/socket.io-client/node_modules/engine.io-client/node_modules/ws/node_modules/nan/nan.h:475: error: expected primary-expression before ‘)’ token
/var/www/sites/dynasite/htdocs/_msportal/_js/_node/node_modules/socket.io/node_modules/socket.io-client/node_modules/engine.io-client/node_modules/ws/node_modules/nan/nan.h:477: error: ‘GetCurrent’ is not a member of ‘v8::Context’
/var/www/sites/dynasite/htdocs/_msportal/_js/_node/node_modules/socket.io/node_modules/socket.io-client/node_modules/engine.io-client/node_modules/ws/node_modules/nan/nan.h: At global scope:
/var/www/sites/dynasite/htdocs/_msportal/_js/_node/node_modules/socket.io/node_modules/socket.io-client/node_modules/engine.io-client/node_modules/ws/node_modules/nan/nan.h:518: error: ‘uv_work_t’ does not name a type
/var/www/sites/dynasite/htdocs/_msportal/_js/_node/node_modules/socket.io/node_modules/socket.io-client/node_modules/engine.io-client/node_modules/ws/node_modules/nan/nan.h: In constructor ‘NanAsyncWorker::NanAsyncWorker(NanCallback*)’:
/var/www/sites/dynasite/htdocs/_msportal/_js/_node/node_modules/socket.io/node_modules/socket.io-client/node_modules/engine.io-client/node_modules/ws/node_modules/nan/nan.h:490: error: ‘request’ was not declared in this scope
/var/www/sites/dynasite/htdocs/_msportal/_js/_node/node_modules/socket.io/node_modules/socket.io-client/node_modules/engine.io-client/node_modules/ws/node_modules/nan/nan.h: In member function ‘void NanAsyncWorker::SavePersistent(const char*, v8::Local<v8::Object>&)’:
/var/www/sites/dynasite/htdocs/_msportal/_js/_node/node_modules/socket.io/node_modules/socket.io-client/node_modules/engine.io-client/node_modules/ws/node_modules/nan/nan.h:529: error: ‘NewSymbol’ is not a member of ‘v8::String’
/var/www/sites/dynasite/htdocs/_msportal/_js/_node/node_modules/socket.io/node_modules/socket.io-client/node_modules/engine.io-client/node_modules/ws/node_modules/nan/nan.h: In member function ‘v8::Local<v8::Object> NanAsyncWorker::GetFromPersistent(const char*)’:
/var/www/sites/dynasite/htdocs/_msportal/_js/_node/node_modules/socket.io/node_modules/socket.io-client/node_modules/engine.io-client/node_modules/ws/node_modules/nan/nan.h:536: error: ‘NewSymbol’ is not a member of ‘v8::String’
/var/www/sites/dynasite/htdocs/_msportal/_js/_node/node_modules/socket.io/node_modules/socket.io-client/node_modules/engine.io-client/node_modules/ws/node_modules/nan/nan.h:536: error: expected primary-expression before ‘>’ token
/var/www/sites/dynasite/htdocs/_msportal/_js/_node/node_modules/socket.io/node_modules/socket.io-client/node_modules/engine.io-client/node_modules/ws/node_modules/nan/nan.h:536: error: expected primary-expression before ‘)’ token
/var/www/sites/dynasite/htdocs/_msportal/_js/_node/node_modules/socket.io/node_modules/socket.io-client/node_modules/engine.io-client/node_modules/ws/node_modules/nan/nan.h: In member function ‘virtual void NanAsyncWorker::HandleErrorCallback()’:
/var/www/sites/dynasite/htdocs/_msportal/_js/_node/node_modules/socket.io/node_modules/socket.io-client/node_modules/engine.io-client/node_modules/ws/node_modules/nan/nan.h:549: error: ‘New’ is not a member of ‘v8::String’
/var/www/sites/dynasite/htdocs/_msportal/_js/_node/node_modules/socket.io/node_modules/socket.io-client/node_modules/engine.io-client/node_modules/ws/node_modules/nan/nan.h: At global scope:
/var/www/sites/dynasite/htdocs/_msportal/_js/_node/node_modules/socket.io/node_modules/socket.io-client/node_modules/engine.io-client/node_modules/ws/node_modules/nan/nan.h:555: error: variable or field ‘NanAsyncExecute’ declared void
/var/www/sites/dynasite/htdocs/_msportal/_js/_node/node_modules/socket.io/node_modules/socket.io-client/node_modules/engine.io-client/node_modules/ws/node_modules/nan/nan.h:555: error: ‘uv_work_t’ was not declared in this scope
/var/www/sites/dynasite/htdocs/_msportal/_js/_node/node_modules/socket.io/node_modules/socket.io-client/node_modules/engine.io-client/node_modules/ws/node_modules/nan/nan.h:555: error: ‘req’ was not declared in this scope
/var/www/sites/dynasite/htdocs/_msportal/_js/_node/node_modules/socket.io/node_modules/socket.io-client/node_modules/engine.io-client/node_modules/ws/node_modules/nan/nan.h:560: error: variable or field ‘NanAsyncExecuteComplete’ declared void
/var/www/sites/dynasite/htdocs/_msportal/_js/_node/node_modules/socket.io/node_modules/socket.io-client/node_modules/engine.io-client/node_modules/ws/node_modules/nan/nan.h:560: error: ‘uv_work_t’ was not declared in this scope
/var/www/sites/dynasite/htdocs/_msportal/_js/_node/node_modules/socket.io/node_modules/socket.io-client/node_modules/engine.io-client/node_modules/ws/node_modules/nan/nan.h:560: error: ‘req’ was not declared in this scope
/var/www/sites/dynasite/htdocs/_msportal/_js/_node/node_modules/socket.io/node_modules/socket.io-client/node_modules/engine.io-client/node_modules/ws/node_modules/nan/nan.h: In function ‘void NanAsyncQueueWorker(NanAsyncWorker*)’:
/var/www/sites/dynasite/htdocs/_msportal/_js/_node/node_modules/socket.io/node_modules/socket.io-client/node_modules/engine.io-client/node_modules/ws/node_modules/nan/nan.h:568: error: ‘uv_default_loop’ was not declared in this scope
/var/www/sites/dynasite/htdocs/_msportal/_js/_node/node_modules/socket.io/node_modules/socket.io-client/node_modules/engine.io-client/node_modules/ws/node_modules/nan/nan.h:569: error: ‘class NanAsyncWorker’ has no member named ‘request’
/var/www/sites/dynasite/htdocs/_msportal/_js/_node/node_modules/socket.io/node_modules/socket.io-client/node_modules/engine.io-client/node_modules/ws/node_modules/nan/nan.h:570: error: ‘NanAsyncExecute’ was not declared in this scope
/var/www/sites/dynasite/htdocs/_msportal/_js/_node/node_modules/socket.io/node_modules/socket.io-client/node_modules/engine.io-client/node_modules/ws/node_modules/nan/nan.h:571: error: ‘uv_after_work_cb’ was not declared in this scope
/var/www/sites/dynasite/htdocs/_msportal/_js/_node/node_modules/socket.io/node_modules/socket.io-client/node_modules/engine.io-client/node_modules/ws/node_modules/nan/nan.h:572: error: ‘uv_queue_work’ was not declared in this scope
/var/www/sites/dynasite/htdocs/_msportal/_js/_node/node_modules/socket.io/node_modules/socket.io-client/node_modules/engine.io-client/node_modules/ws/node_modules/nan/nan.h: In function ‘bool _NanGetExternalParts(v8::Handle<v8::Value>, const char**, size_t*)’:
/var/www/sites/dynasite/htdocs/_msportal/_js/_node/node_modules/socket.io/node_modules/socket.io-client/node_modules/engine.io-client/node_modules/ws/node_modules/nan/nan.h:716: error: no matching function for call to ‘v8::Local<v8::String>::New(v8::Handle<v8::String>)’
/root/.node-gyp/0.11.14/deps/v8/include/v8.h:368: note: candidates are: static v8::Local<T> v8::Local<T>::New(v8::Isolate*, v8::Handle<T>) [with T = v8::String]
/root/.node-gyp/0.11.14/deps/v8/include/v8.h:369: note:                 static v8::Local<T> v8::Local<T>::New(v8::Isolate*, const v8::PersistentBase<T>&) [with T = v8::String]
/root/.node-gyp/0.11.14/deps/v8/include/v8.h:391: note:                 static v8::Local<T> v8::Local<T>::New(v8::Isolate*, T*) [with T = v8::String]
/var/www/sites/dynasite/htdocs/_msportal/_js/_node/node_modules/socket.io/node_modules/socket.io-client/node_modules/engine.io-client/node_modules/ws/node_modules/nan/nan.h: In function ‘char* NanFromV8String(v8::Handle<v8::Value>, Nan::Encoding, size_t*, char*, size_t, int)’:
/var/www/sites/dynasite/htdocs/_msportal/_js/_node/node_modules/socket.io/node_modules/socket.io-client/node_modules/engine.io-client/node_modules/ws/node_modules/nan/nan.h:769: error: ‘AsciiValue’ is not a member of ‘v8::String’
/var/www/sites/dynasite/htdocs/_msportal/_js/_node/node_modules/socket.io/node_modules/socket.io-client/node_modules/engine.io-client/node_modules/ws/node_modules/nan/nan.h:769: error: expected ‘;’ before ‘value’
/var/www/sites/dynasite/htdocs/_msportal/_js/_node/node_modules/socket.io/node_modules/socket.io-client/node_modules/engine.io-client/node_modules/ws/node_modules/nan/nan.h:832: error: ‘value’ was not declared in this scope
../src/bufferutil.cc: In static member function ‘static void BufferUtil::Initialize(v8::Handle<v8::Object>)’:
../src/bufferutil.cc:27: error: no matching function for call to ‘v8::FunctionTemplate::New(void (&)(const v8::FunctionCallbackInfo<v8::Value>&))’
/root/.node-gyp/0.11.14/deps/v8/include/v8.h:3434: note: candidates are: static v8::Local<v8::FunctionTemplate> v8::FunctionTemplate::New(v8::Isolate*, void (*)(const v8::FunctionCallbackInfo<v8::Value>&), v8::Handle<v8::Value>, v8::Handle<v8::Signature>, int)
../src/bufferutil.cc:32: error: ‘NewSymbol’ is not a member of ‘v8::String’
/root/.node-gyp/0.11.14/deps/v8/include/v8.h: In static member function ‘static void BufferUtil::Merge(const v8::FunctionCallbackInfo<v8::Value>&)’:
/root/.node-gyp/0.11.14/deps/v8/include/v8.h:6526: error: too few arguments to function ‘v8::Handle<v8::Boolean> v8::True(v8::Isolate*)’
../src/bufferutil.cc:60: error: at this point in file
../src/bufferutil.cc:60: error: return-statement with a value, in function returning 'void'
/root/.node-gyp/0.11.14/deps/v8/include/v8.h: In static member function ‘static void BufferUtil::Unmask(const v8::FunctionCallbackInfo<v8::Value>&)’:
/root/.node-gyp/0.11.14/deps/v8/include/v8.h:6526: error: too few arguments to function ‘v8::Handle<v8::Boolean> v8::True(v8::Isolate*)’
../src/bufferutil.cc:81: error: at this point in file
../src/bufferutil.cc:81: error: return-statement with a value, in function returning 'void'
/root/.node-gyp/0.11.14/deps/v8/include/v8.h: In static member function ‘static void BufferUtil::Mask(const v8::FunctionCallbackInfo<v8::Value>&)’:
/root/.node-gyp/0.11.14/deps/v8/include/v8.h:6526: error: too few arguments to function ‘v8::Handle<v8::Boolean> v8::True(v8::Isolate*)’
../src/bufferutil.cc:106: error: at this point in file
../src/bufferutil.cc:106: error: return-statement with a value, in function returning 'void'
In file included from ../src/bufferutil.cc:15:
/var/www/sites/dynasite/htdocs/_msportal/_js/_node/node_modules/socket.io/node_modules/socket.io-client/node_modules/engine.io-client/node_modules/ws/node_modules/nan/nan.h: In function ‘void NanDispose(v8::Persistent<T, v8::NonCopyablePersistentTraits<T> >&) [with T = v8::Object]’:
/var/www/sites/dynasite/htdocs/_msportal/_js/_node/node_modules/socket.io/node_modules/socket.io-client/node_modules/engine.io-client/node_modules/ws/node_modules/nan/nan.h:498:   instantiated from here
/var/www/sites/dynasite/htdocs/_msportal/_js/_node/node_modules/socket.io/node_modules/socket.io-client/node_modules/engine.io-client/node_modules/ws/node_modules/nan/nan.h:237: error: ‘class v8::Persistent<v8::Object, v8::NonCopyablePersistentTraits<v8::Object> >’ has no member named ‘Dispose’
/var/www/sites/dynasite/htdocs/_msportal/_js/_node/node_modules/socket.io/node_modules/socket.io-client/node_modules/engine.io-client/node_modules/ws/node_modules/nan/nan.h:238: error: ‘class v8::Persistent<v8::Object, v8::NonCopyablePersistentTraits<v8::Object> >’ has no member named ‘Clear’
make: *** [Release/obj.target/bufferutil/src/bufferutil.o] Error 1
gyp ERR! build error 
gyp ERR! stack Error: `make` failed with exit code: 2
gyp ERR! stack     at ChildProcess.onExit (/usr/local/lib/node_modules/npm/node_modules/node-gyp/lib/build.js:267:23)
gyp ERR! stack     at ChildProcess.emit (events.js:110:17)
gyp ERR! stack     at Process.ChildProcess._handle.onexit (child_process.js:1059:12)
gyp ERR! System Linux 2.6.32-358.el6.x86_64
gyp ERR! command "node" "/usr/local/lib/node_modules/npm/node_modules/node-gyp/bin/node-gyp.js" "rebuild"
gyp ERR! cwd /var/www/sites/dynasite/htdocs/_msportal/_js/_node/node_modules/socket.io/node_modules/socket.io-client/node_modules/engine.io-client/node_modules/ws
gyp ERR! node -v v0.11.14
gyp ERR! node-gyp -v v1.0.2
gyp ERR! not ok 
